<?xml version="1.0" encoding="UTF-8"?>
<!-- Generated by org.testng.reporters.JUnitXMLReporter -->
<testsuite ignored="0" hostname="Babloo" failures="0" tests="5" name="Surefire test" time="72.989" errors="0" timestamp="2025-08-27T16:45:50 IST">
  <testcase classname="HarishCompany.Tests.ErrorValidationsTest" name="loginvalidation" time="0.787"/>
  <testcase classname="HarishCompany.Tests.ErrorValidationsTest" name="productvalidation" time="14.435"/>
  <testcase classname="HarishCompany.Tests.SubmitOrderTest" name="submitOrder" time="15.416"/>
  <testcase classname="HarishCompany.Tests.SubmitOrderTest" name="submitOrder" time="18.271"/>
  <testcase classname="HarishCompany.Tests.SubmitOrderTest" name="orderhistory" time="1.009"/>
</testsuite> <!-- Surefire test -->
