<?xml version="1.0" encoding="UTF-8"?>
<!-- Generated by org.testng.reporters.JUnitXMLReporter -->
<testsuite ignored="0" hostname="Babloo" failures="1" tests="4" name="Error Validation Test" time="29.273" errors="0" timestamp="2025-08-26T16:39:08 IST">
  <testcase classname="HarishCompany.Tests.ErrorValidationsTest" name="loginvalidation" time="0.827">
    <skipped/>
  </testcase> <!-- loginvalidation -->
  <testcase classname="HarishCompany.Tests.ErrorValidationsTest" name="loginvalidation" time="0.875">
    <skipped/>
  </testcase> <!-- loginvalidation -->
  <testcase classname="HarishCompany.Tests.ErrorValidationsTest" name="loginvalidation" time="0.689">
    <failure type="java.lang.AssertionError" message="expected [Incorrect email or password.] but found [Incorrect email password.]">
      <![CDATA[java.lang.AssertionError: expected [Incorrect email or password.] but found [Incorrect email password.]
at HarishCompany.Tests.ErrorValidationsTest.loginvalidation(ErrorValidationsTest.java:25)
at java.base/java.util.ArrayList.forEach(ArrayList.java:1596)
at java.base/java.util.concurrent.FutureTask.run(FutureTask.java:317)
at java.base/java.util.concurrent.ThreadPoolExecutor.runWorker(ThreadPoolExecutor.java:1144)
at java.base/java.util.concurrent.ThreadPoolExecutor$Worker.run(ThreadPoolExecutor.java:642)
at java.base/java.lang.Thread.run(Thread.java:1583)
... Removed 21 stack frames]]>
    </failure>
  </testcase> <!-- loginvalidation -->
  <testcase classname="HarishCompany.Tests.ErrorValidationsTest" name="productvalidation" time="13.978"/>
</testsuite> <!-- Error Validation Test -->
