<?xml version="1.0" encoding="UTF-8"?>
<!-- Generated by org.testng.reporters.JUnitXMLReporter -->
<testsuite ignored="0" hostname="Babloo" failures="1" tests="3" name="Submit Order Test" time="27.439" errors="0" timestamp="2025-08-26T16:39:07 IST">
  <testcase classname="HarishCompany.Tests.SubmitOrderTest" name="submitOrder" time="4.721">
    <failure type="org.openqa.selenium.ElementClickInterceptedException" message="element click intercepted: Element &amp;lt;button _ngcontent-uvt-c38=&amp;quot;&amp;quot; routerlink=&amp;quot;/dashboard/cart&amp;quot; class=&amp;quot;btn btn-custom&amp;quot; style=&amp;quot;margin-top: -10px;&amp;quot; tabindex=&amp;quot;0&amp;quot;&amp;gt;...&amp;lt;/button&amp;gt; is not clickable at point (1274, 27). Other element would receive the click: &amp;lt;div _ngcontent-uvt-c11=&amp;quot;&amp;quot; class=&amp;quot;ngx-spinner-overlay ng-tns-c11-1 ng-trigger ng-trigger-fadeIn ng-star-inserted ng-animating&amp;quot; style=&amp;quot;background-color: rgba(51, 51, 51, 0.8); z-index: 99999; position: fixed;&amp;quot;&amp;gt;...&amp;lt;/div&amp;gt;
  (Session info: MicrosoftEdge=139.0.3405.111)
Build info: version: &amp;apos;4.34.0&amp;apos;, revision: &amp;apos;707dcb4246*&amp;apos;
System info: os.name: &amp;apos;Windows 11&amp;apos;, os.arch: &amp;apos;amd64&amp;apos;, os.version: &amp;apos;10.0&amp;apos;, java.version: &amp;apos;21.0.6&amp;apos;
Driver info: org.openqa.selenium.edge.EdgeDriver
Command: [1f1bdf6f832894b3e88012087afe9033, clickElement {id=f.C298CC5EB4DB5921773D8737D65F47B8.d.61F680F532424CEF2D76B3A34435B0A0.e.92}]
Capabilities {acceptInsecureCerts: false, browserName: MicrosoftEdge, browserVersion: 139.0.3405.111, fedcm:accounts: true, ms:edgeOptions: {debuggerAddress: localhost:57921}, msedge: {msedgedriverVersion: 139.0.3405.102 (7dccc8fa00f..., userDataDir: C:\Users\bawan\AppData\Loca...}, networkConnectionEnabled: false, pageLoadStrategy: normal, platformName: windows, proxy: Proxy(), se:cdp: ws://localhost:57921/devtoo..., se:cdpVersion: 139.0.3405.111, setWindowRect: true, strictFileInteractability: false, timeouts: {implicit: 0, pageLoad: 300000, script: 30000}, unhandledPromptBehavior: dismiss and notify, webauthn:extension:credBlob: true, webauthn:extension:largeBlob: true, webauthn:extension:minPinLength: true, webauthn:extension:prf: true, webauthn:virtualAuthenticators: true}
Element: [[EdgeDriver: MicrosoftEdge on windows (1f1bdf6f832894b3e88012087afe9033)] -&amp;gt; css selector: [routerlink*=&amp;apos;cart&amp;apos;]]
Session ID: 1f1bdf6f832894b3e88012087afe9033">
      <![CDATA[org.openqa.selenium.ElementClickInterceptedException: element click intercepted: Element <button _ngcontent-uvt-c38="" routerlink="/dashboard/cart" class="btn btn-custom" style="margin-top: -10px;" tabindex="0">...</button> is not clickable at point (1274, 27). Other element would receive the click: <div _ngcontent-uvt-c11="" class="ngx-spinner-overlay ng-tns-c11-1 ng-trigger ng-trigger-fadeIn ng-star-inserted ng-animating" style="background-color: rgba(51, 51, 51, 0.8); z-index: 99999; position: fixed;">...</div>
  (Session info: MicrosoftEdge=139.0.3405.111)
Build info: version: '4.34.0', revision: '707dcb4246*'
System info: os.name: 'Windows 11', os.arch: 'amd64', os.version: '10.0', java.version: '21.0.6'
Driver info: org.openqa.selenium.edge.EdgeDriver
Command: [1f1bdf6f832894b3e88012087afe9033, clickElement {id=f.C298CC5EB4DB5921773D8737D65F47B8.d.61F680F532424CEF2D76B3A34435B0A0.e.92}]
Capabilities {acceptInsecureCerts: false, browserName: MicrosoftEdge, browserVersion: 139.0.3405.111, fedcm:accounts: true, ms:edgeOptions: {debuggerAddress: localhost:57921}, msedge: {msedgedriverVersion: 139.0.3405.102 (7dccc8fa00f..., userDataDir: C:\Users\bawan\AppData\Loca...}, networkConnectionEnabled: false, pageLoadStrategy: normal, platformName: windows, proxy: Proxy(), se:cdp: ws://localhost:57921/devtoo..., se:cdpVersion: 139.0.3405.111, setWindowRect: true, strictFileInteractability: false, timeouts: {implicit: 0, pageLoad: 300000, script: 30000}, unhandledPromptBehavior: dismiss and notify, webauthn:extension:credBlob: true, webauthn:extension:largeBlob: true, webauthn:extension:minPinLength: true, webauthn:extension:prf: true, webauthn:virtualAuthenticators: true}
Element: [[EdgeDriver: MicrosoftEdge on windows (1f1bdf6f832894b3e88012087afe9033)] -> css selector: [routerlink*='cart']]
Session ID: 1f1bdf6f832894b3e88012087afe9033
at org.openqa.selenium.remote.ErrorCodec.decode(ErrorCodec.java:167)
at org.openqa.selenium.remote.codec.w3c.W3CHttpResponseCodec.decode(W3CHttpResponseCodec.java:138)
at org.openqa.selenium.remote.codec.w3c.W3CHttpResponseCodec.decode(W3CHttpResponseCodec.java:50)
at org.openqa.selenium.remote.HttpCommandExecutor.execute(HttpCommandExecutor.java:215)
at org.openqa.selenium.remote.service.DriverCommandExecutor.invokeExecute(DriverCommandExecutor.java:216)
at org.openqa.selenium.remote.service.DriverCommandExecutor.execute(DriverCommandExecutor.java:174)
at org.openqa.selenium.remote.RemoteWebDriver.execute(RemoteWebDriver.java:544)
at org.openqa.selenium.remote.RemoteWebElement.execute(RemoteWebElement.java:223)
at org.openqa.selenium.remote.RemoteWebElement.click(RemoteWebElement.java:76)
at org.openqa.selenium.support.pagefactory.internal.LocatingElementHandler.invoke(LocatingElementHandler.java:51)
at jdk.proxy2/jdk.proxy2.$Proxy16.click(Unknown Source)
at HarishCompany.AbstractComponents.AbstarctComponent.goToCartPage(AbstarctComponent.java:49)
at HarishCompany.Tests.SubmitOrderTest.submitOrder(SubmitOrderTest.java:35)
at java.base/java.util.ArrayList.forEach(ArrayList.java:1596)
at java.base/java.util.concurrent.FutureTask.run(FutureTask.java:317)
at java.base/java.util.concurrent.ThreadPoolExecutor.runWorker(ThreadPoolExecutor.java:1144)
at java.base/java.util.concurrent.ThreadPoolExecutor$Worker.run(ThreadPoolExecutor.java:642)
at java.base/java.lang.Thread.run(Thread.java:1583)
... Removed 20 stack frames]]>
    </failure>
  </testcase> <!-- submitOrder -->
  <testcase classname="HarishCompany.Tests.SubmitOrderTest" name="submitOrder" time="15.356"/>
  <testcase classname="HarishCompany.Tests.SubmitOrderTest" name="orderhistory" time="0.0">
    <skipped/>
  </testcase> <!-- orderhistory -->
</testsuite> <!-- Submit Order Test -->
