<?xml version="1.0" encoding="UTF-8"?>
<!-- Generated by org.testng.reporters.JUnitXMLReporter -->
<testsuite ignored="2" hostname="Babloo" failures="0" tests="0" time="0.022" errors="0" timestamp="2025-08-27T13:06:09 IST">
  <testcase classname="HarishCompany.Tests.ErrorValidationsTest" name="loginvalidation" time="0.0">
    <ignored/>
  </testcase> <!-- loginvalidation -->
  <testcase classname="HarishCompany.Tests.ErrorValidationsTest" name="productvalidation" time="0.0">
    <ignored/>
  </testcase> <!-- productvalidation -->
</testsuite>
