<?xml version="1.0" encoding="UTF-8"?>
<!-- Generated by org.testng.reporters.JUnitXMLReporter -->
<testsuite ignored="1" hostname="Babloo" failures="0" tests="2" name="Submit Order Test" time="39.311" errors="0" timestamp="2025-08-27T13:06:48 IST">
  <testcase classname="HarishCompany.Tests.SubmitOrderTest" name="submitOrder" time="15.381"/>
  <testcase classname="HarishCompany.Tests.SubmitOrderTest" name="submitOrder" time="15.458"/>
  <testcase classname="HarishCompany.Tests.SubmitOrderTest" name="orderhistory" time="0.0">
    <ignored/>
  </testcase> <!-- orderhistory -->
</testsuite> <!-- Submit Order Test -->
