<?xml version="1.0" encoding="UTF-8"?>
<testng-results ignored="0" total="5" passed="5" failed="0" skipped="0">
  <reporter-output>
  </reporter-output>
  <suite started-at="2025-08-27T16:44:37 IST" name="Surefire suite" finished-at="2025-08-27T16:45:50 IST" duration-ms="72989">
    <groups>
      <group name="ErrorHandling">
        <method signature="ErrorValidationsTest.loginvalidation()[pri:0, instance:HarishCompany.Tests.ErrorValidationsTest@c267ef4]" name="loginvalidation" class="HarishCompany.Tests.ErrorValidationsTest"/>
      </group> <!-- ErrorHandling -->
      <group name="Purchase">
        <method signature="SubmitOrderTest.submitOrder(java.util.HashMap)[pri:0, instance:HarishCompany.Tests.SubmitOrderTest@635eaaf1]" name="submitOrder" class="HarishCompany.Tests.SubmitOrderTest"/>
      </group> <!-- Purchase -->
    </groups>
    <test started-at="2025-08-27T16:44:37 IST" name="Surefire test" finished-at="2025-08-27T16:45:50 IST" duration-ms="72989">
      <class name="HarishCompany.Tests.SubmitOrderTest">
        <test-method is-config="true" signature="launchApplication()[pri:0, instance:HarishCompany.Tests.SubmitOrderTest@635eaaf1]" started-at="2025-08-27T16:45:01 IST" name="launchApplication" finished-at="2025-08-27T16:45:06 IST" duration-ms="4914" status="PASS">
          <reporter-output>
          </reporter-output>
        </test-method> <!-- launchApplication -->
        <test-method signature="submitOrder(java.util.HashMap)[pri:0, instance:HarishCompany.Tests.SubmitOrderTest@635eaaf1]" started-at="2025-08-27T16:45:06 IST" name="submitOrder" data-provider="getData" finished-at="2025-08-27T16:45:21 IST" duration-ms="15416" status="PASS">
          <params>
            <param index="0">
              <value>
                <![CDATA[{password=DharaniOdela@3, product=ZARA COAT 3, email=dharaniodelaa@gmail.com}]]>
              </value>
            </param>
          </params>
          <reporter-output>
          </reporter-output>
        </test-method> <!-- submitOrder -->
        <test-method is-config="true" signature="teardown()[pri:0, instance:HarishCompany.Tests.SubmitOrderTest@635eaaf1]" started-at="2025-08-27T16:45:21 IST" name="teardown" finished-at="2025-08-27T16:45:21 IST" duration-ms="106" status="PASS">
          <reporter-output>
          </reporter-output>
        </test-method> <!-- teardown -->
        <test-method is-config="true" signature="launchApplication()[pri:0, instance:HarishCompany.Tests.SubmitOrderTest@635eaaf1]" started-at="2025-08-27T16:45:21 IST" name="launchApplication" finished-at="2025-08-27T16:45:28 IST" duration-ms="6402" status="PASS">
          <reporter-output>
          </reporter-output>
        </test-method> <!-- launchApplication -->
        <test-method signature="submitOrder(java.util.HashMap)[pri:0, instance:HarishCompany.Tests.SubmitOrderTest@635eaaf1]" started-at="2025-08-27T16:45:28 IST" name="submitOrder" data-provider="getData" finished-at="2025-08-27T16:45:46 IST" duration-ms="18271" status="PASS">
          <params>
            <param index="0">
              <value>
                <![CDATA[{password=Sdetengineer@8, product=ADIDAS ORIGINAL, email=sdet-1@gmail.com}]]>
              </value>
            </param>
          </params>
          <reporter-output>
          </reporter-output>
        </test-method> <!-- submitOrder -->
        <test-method is-config="true" signature="teardown()[pri:0, instance:HarishCompany.Tests.SubmitOrderTest@635eaaf1]" started-at="2025-08-27T16:45:46 IST" name="teardown" finished-at="2025-08-27T16:45:46 IST" duration-ms="116" status="PASS">
          <reporter-output>
          </reporter-output>
        </test-method> <!-- teardown -->
        <test-method is-config="true" signature="launchApplication()[pri:0, instance:HarishCompany.Tests.SubmitOrderTest@635eaaf1]" started-at="2025-08-27T16:45:46 IST" name="launchApplication" finished-at="2025-08-27T16:45:49 IST" duration-ms="2742" status="PASS">
          <reporter-output>
          </reporter-output>
        </test-method> <!-- launchApplication -->
        <test-method signature="orderhistory()[pri:0, instance:HarishCompany.Tests.SubmitOrderTest@635eaaf1]" started-at="2025-08-27T16:45:49 IST" name="orderhistory" finished-at="2025-08-27T16:45:50 IST" depends-on-methods="HarishCompany.Tests.SubmitOrderTest.submitOrder" duration-ms="1009" status="PASS">
          <reporter-output>
          </reporter-output>
        </test-method> <!-- orderhistory -->
        <test-method is-config="true" signature="teardown()[pri:0, instance:HarishCompany.Tests.SubmitOrderTest@635eaaf1]" started-at="2025-08-27T16:45:50 IST" name="teardown" finished-at="2025-08-27T16:45:50 IST" duration-ms="101" status="PASS">
          <reporter-output>
          </reporter-output>
        </test-method> <!-- teardown -->
      </class> <!-- HarishCompany.Tests.SubmitOrderTest -->
      <class name="HarishCompany.Tests.ErrorValidationsTest">
        <test-method is-config="true" signature="launchApplication()[pri:0, instance:HarishCompany.Tests.ErrorValidationsTest@c267ef4]" started-at="2025-08-27T16:44:37 IST" name="launchApplication" finished-at="2025-08-27T16:44:41 IST" duration-ms="4027" status="PASS">
          <reporter-output>
          </reporter-output>
        </test-method> <!-- launchApplication -->
        <test-method signature="loginvalidation()[pri:0, instance:HarishCompany.Tests.ErrorValidationsTest@c267ef4]" started-at="2025-08-27T16:44:41 IST" name="loginvalidation" finished-at="2025-08-27T16:44:42 IST" duration-ms="787" status="PASS">
          <reporter-output>
          </reporter-output>
        </test-method> <!-- loginvalidation -->
        <test-method is-config="true" signature="teardown()[pri:0, instance:HarishCompany.Tests.ErrorValidationsTest@c267ef4]" started-at="2025-08-27T16:44:42 IST" name="teardown" finished-at="2025-08-27T16:44:42 IST" duration-ms="97" status="PASS">
          <reporter-output>
          </reporter-output>
        </test-method> <!-- teardown -->
        <test-method is-config="true" signature="launchApplication()[pri:0, instance:HarishCompany.Tests.ErrorValidationsTest@c267ef4]" started-at="2025-08-27T16:44:42 IST" name="launchApplication" finished-at="2025-08-27T16:44:45 IST" duration-ms="2697" status="PASS">
          <reporter-output>
          </reporter-output>
        </test-method> <!-- launchApplication -->
        <test-method signature="productvalidation()[pri:0, instance:HarishCompany.Tests.ErrorValidationsTest@c267ef4]" started-at="2025-08-27T16:44:45 IST" name="productvalidation" finished-at="2025-08-27T16:44:59 IST" duration-ms="14435" status="PASS">
          <reporter-output>
          </reporter-output>
        </test-method> <!-- productvalidation -->
        <test-method is-config="true" signature="teardown()[pri:0, instance:HarishCompany.Tests.ErrorValidationsTest@c267ef4]" started-at="2025-08-27T16:44:59 IST" name="teardown" finished-at="2025-08-27T16:45:00 IST" duration-ms="620" status="PASS">
          <reporter-output>
          </reporter-output>
        </test-method> <!-- teardown -->
      </class> <!-- HarishCompany.Tests.ErrorValidationsTest -->
    </test> <!-- Surefire test -->
  </suite> <!-- Surefire suite -->
</testng-results>
