<?xml version="1.0" encoding="UTF-8"?>
<!-- Generated by org.testng.reporters.JUnitReportReporter -->
<testsuite hostname="Babloo" failures="0" tests="3" name="HarishCompany.Tests.SubmitOrderTest" time="49.077" errors="0" timestamp="2025-08-27T16:45:50 IST" skipped="0">
  <testcase classname="HarishCompany.Tests.SubmitOrderTest" name="submitOrder" time="20.431"/>
  <testcase classname="HarishCompany.Tests.SubmitOrderTest" name="orderhistory" time="3.857"/>
  <testcase classname="HarishCompany.Tests.SubmitOrderTest" name="submitOrder" time="24.789"/>
</testsuite> <!-- HarishCompany.Tests.SubmitOrderTest -->
