<?xml version="1.0" encoding="UTF-8"?>
<!-- Generated by org.testng.reporters.JUnitReportReporter -->
<testsuite hostname="Babloo" failures="0" tests="2" name="HarishCompany.Tests.ErrorValidationsTest" time="22.663" errors="0" timestamp="2025-08-27T16:45:50 IST" skipped="0">
  <testcase classname="HarishCompany.Tests.ErrorValidationsTest" name="loginvalidation" time="4.104"/>
  <testcase classname="HarishCompany.Tests.ErrorValidationsTest" name="productvalidation" time="18.559"/>
</testsuite> <!-- HarishCompany.Tests.ErrorValidationsTest -->
